2025-07-21 16:41:26 [info]: Server listening on port 3000
2025-07-21 16:41:36 [info]: Server listening on port 3000
2025-07-21 16:41:40 [error]: TypeError: Cannot destructure property 'filename' of 'req.file' as it is undefined.
    at file:///E:/templates/file-sharing-api/src/api/files.controller.js:10:11
    at Layer.handleRequest (E:\templates\file-sharing-api\node_modules\router\lib\layer.js:152:17)
    at next (E:\templates\file-sharing-api\node_modules\router\lib\route.js:157:13)
    at multerMiddleware (E:\templates\file-sharing-api\node_modules\multer\lib\make-middleware.js:19:41)
    at Layer.handleRequest (E:\templates\file-sharing-api\node_modules\router\lib\layer.js:152:17)
    at next (E:\templates\file-sharing-api\node_modules\router\lib\route.js:157:13)
    at Route.dispatch (E:\templates\file-sharing-api\node_modules\router\lib\route.js:117:3)
    at handle (E:\templates\file-sharing-api\node_modules\router\index.js:435:11)
    at Layer.handleRequest (E:\templates\file-sharing-api\node_modules\router\lib\layer.js:152:17)
    at E:\templates\file-sharing-api\node_modules\router\index.js:295:15
2025-07-21 16:41:41 [error]: TypeError: Cannot destructure property 'filename' of 'req.file' as it is undefined.
    at file:///E:/templates/file-sharing-api/src/api/files.controller.js:10:11
    at Layer.handleRequest (E:\templates\file-sharing-api\node_modules\router\lib\layer.js:152:17)
    at next (E:\templates\file-sharing-api\node_modules\router\lib\route.js:157:13)
    at multerMiddleware (E:\templates\file-sharing-api\node_modules\multer\lib\make-middleware.js:19:41)
    at Layer.handleRequest (E:\templates\file-sharing-api\node_modules\router\lib\layer.js:152:17)
    at next (E:\templates\file-sharing-api\node_modules\router\lib\route.js:157:13)
    at Route.dispatch (E:\templates\file-sharing-api\node_modules\router\lib\route.js:117:3)
    at handle (E:\templates\file-sharing-api\node_modules\router\index.js:435:11)
    at Layer.handleRequest (E:\templates\file-sharing-api\node_modules\router\lib\layer.js:152:17)
    at E:\templates\file-sharing-api\node_modules\router\index.js:295:15
2025-07-21 16:42:40 [info]: Server listening on port 3000
2025-07-21 16:43:44 [info]: Server listening on port 3000
2025-07-21 16:43:48 [error]: TypeError: Cannot destructure property 'filename' of 'req.file' as it is undefined.
    at file:///E:/templates/file-sharing-api/src/api/files.controller.js:12:11
    at Layer.handleRequest (E:\templates\file-sharing-api\node_modules\router\lib\layer.js:152:17)
    at next (E:\templates\file-sharing-api\node_modules\router\lib\route.js:157:13)
    at multerMiddleware (E:\templates\file-sharing-api\node_modules\multer\lib\make-middleware.js:19:41)
    at Layer.handleRequest (E:\templates\file-sharing-api\node_modules\router\lib\layer.js:152:17)
    at next (E:\templates\file-sharing-api\node_modules\router\lib\route.js:157:13)
    at Route.dispatch (E:\templates\file-sharing-api\node_modules\router\lib\route.js:117:3)
    at handle (E:\templates\file-sharing-api\node_modules\router\index.js:435:11)
    at Layer.handleRequest (E:\templates\file-sharing-api\node_modules\router\lib\layer.js:152:17)
    at E:\templates\file-sharing-api\node_modules\router\index.js:295:15
2025-07-21 16:44:20 [info]: Server listening on port 3000
2025-07-21 16:44:23 [error]: TypeError: Cannot destructure property 'filename' of 'req.file' as it is undefined.
    at file:///E:/templates/file-sharing-api/src/api/files.controller.js:12:11
    at Layer.handleRequest (E:\templates\file-sharing-api\node_modules\router\lib\layer.js:152:17)
    at next (E:\templates\file-sharing-api\node_modules\router\lib\route.js:157:13)
    at multerMiddleware (E:\templates\file-sharing-api\node_modules\multer\lib\make-middleware.js:19:41)
    at Layer.handleRequest (E:\templates\file-sharing-api\node_modules\router\lib\layer.js:152:17)
    at next (E:\templates\file-sharing-api\node_modules\router\lib\route.js:157:13)
    at Route.dispatch (E:\templates\file-sharing-api\node_modules\router\lib\route.js:117:3)
    at handle (E:\templates\file-sharing-api\node_modules\router\index.js:435:11)
    at Layer.handleRequest (E:\templates\file-sharing-api\node_modules\router\lib\layer.js:152:17)
    at E:\templates\file-sharing-api\node_modules\router\index.js:295:15
2025-07-21 16:45:13 [error]: TypeError: Cannot destructure property 'filename' of 'req.file' as it is undefined.
    at file:///E:/templates/file-sharing-api/src/api/files.controller.js:12:11
    at Layer.handleRequest (E:\templates\file-sharing-api\node_modules\router\lib\layer.js:152:17)
    at next (E:\templates\file-sharing-api\node_modules\router\lib\route.js:157:13)
    at multerMiddleware (E:\templates\file-sharing-api\node_modules\multer\lib\make-middleware.js:19:41)
    at Layer.handleRequest (E:\templates\file-sharing-api\node_modules\router\lib\layer.js:152:17)
    at next (E:\templates\file-sharing-api\node_modules\router\lib\route.js:157:13)
    at Route.dispatch (E:\templates\file-sharing-api\node_modules\router\lib\route.js:117:3)
    at handle (E:\templates\file-sharing-api\node_modules\router\index.js:435:11)
    at Layer.handleRequest (E:\templates\file-sharing-api\node_modules\router\lib\layer.js:152:17)
    at E:\templates\file-sharing-api\node_modules\router\index.js:295:15
2025-07-21 16:45:14 [error]: TypeError: Cannot destructure property 'filename' of 'req.file' as it is undefined.
    at file:///E:/templates/file-sharing-api/src/api/files.controller.js:12:11
    at Layer.handleRequest (E:\templates\file-sharing-api\node_modules\router\lib\layer.js:152:17)
    at next (E:\templates\file-sharing-api\node_modules\router\lib\route.js:157:13)
    at multerMiddleware (E:\templates\file-sharing-api\node_modules\multer\lib\make-middleware.js:19:41)
    at Layer.handleRequest (E:\templates\file-sharing-api\node_modules\router\lib\layer.js:152:17)
    at next (E:\templates\file-sharing-api\node_modules\router\lib\route.js:157:13)
    at Route.dispatch (E:\templates\file-sharing-api\node_modules\router\lib\route.js:117:3)
    at handle (E:\templates\file-sharing-api\node_modules\router\index.js:435:11)
    at Layer.handleRequest (E:\templates\file-sharing-api\node_modules\router\lib\layer.js:152:17)
    at E:\templates\file-sharing-api\node_modules\router\index.js:295:15
2025-07-21 16:56:03 [info]: Server listening on port 3000
2025-07-21 16:56:10 [info]: Server listening on port 3000
2025-07-21 17:16:18 [info]: Server listening on port 3000
2025-07-21 17:16:26 [info]: Server listening on port 3000
2025-07-21 17:19:08 [info]: Server listening on port 3000
2025-07-21 17:19:13 [info]: Server listening on port 3000
2025-07-21 17:19:22 [info]: Server listening on port 3000
2025-07-21 17:19:33 [error]: Error: Could not load the default credentials. Browse to https://cloud.google.com/docs/authentication/getting-started for more information.
    at GoogleAuth.getApplicationDefaultAsync (E:\templates\file-sharing-api\node_modules\google-auth-library\build\src\auth\googleauth.js:287:15)
    at process.processTicksAndRejections (node:internal/process/task_queues:105:5)
    at async GoogleAuth._GoogleAuth_determineClient (E:\templates\file-sharing-api\node_modules\google-auth-library\build\src\auth\googleauth.js:834:32)
    at async GoogleAuth.getClient (E:\templates\file-sharing-api\node_modules\google-auth-library\build\src\auth\googleauth.js:698:20)
    at async GoogleAuth.request (E:\templates\file-sharing-api\node_modules\google-auth-library\build\src\auth\googleauth.js:753:24)
    at async Upload.makeRequest (file:///E:/templates/file-sharing-api/node_modules/@google-cloud/storage/build/esm/src/resumable-upload.js:724:21)
    at async AsyncRetry.retries (file:///E:/templates/file-sharing-api/node_modules/@google-cloud/storage/build/esm/src/resumable-upload.js:390:29)
    at async Upload.createURIAsync (file:///E:/templates/file-sharing-api/node_modules/@google-cloud/storage/build/esm/src/resumable-upload.js:387:21)
2025-07-21 23:09:30 [info]: Server listening on port 3000
