2025-07-25 22:05:52 [error]: ReferenceError: value is not defined
    at LocalFileManager.downloadFile (file:///C:/Users/leyon/OneDrive/Desktop/NZPRO/file-sharing-api/src/api/local_files/localFile.service.js:47:9)
    at file:///C:/Users/leyon/OneDrive/Desktop/NZPRO/file-sharing-api/src/api/local_files/localFile.routes.js:29:34
    at Layer.handleRequest (C:\Users\leyon\OneDrive\Desktop\NZPRO\file-sharing-api\node_modules\router\lib\layer.js:152:17)
    at next (C:\Users\leyon\OneDrive\Desktop\NZPRO\file-sharing-api\node_modules\router\lib\route.js:157:13)
    at Route.dispatch (C:\Users\leyon\OneDrive\Desktop\NZPRO\file-sharing-api\node_modules\router\lib\route.js:117:3)
    at handle (C:\Users\leyon\OneDrive\Desktop\NZPRO\file-sharing-api\node_modules\router\index.js:435:11)
    at Layer.handleRequest (C:\Users\leyon\OneDrive\Desktop\NZPRO\file-sharing-api\node_modules\router\lib\layer.js:152:17)
    at C:\Users\leyon\OneDrive\Desktop\NZPRO\file-sharing-api\node_modules\router\index.js:295:15
    at param (C:\Users\leyon\OneDrive\Desktop\NZPRO\file-sharing-api\node_modules\router\index.js:600:14)
    at param (C:\Users\leyon\OneDrive\Desktop\NZPRO\file-sharing-api\node_modules\router\index.js:610:14)
2025-07-25 22:06:24 [error]: ReferenceError: value is not defined
    at LocalFileManager.downloadFile (file:///C:/Users/leyon/OneDrive/Desktop/NZPRO/file-sharing-api/src/api/local_files/localFile.service.js:47:9)
    at file:///C:/Users/leyon/OneDrive/Desktop/NZPRO/file-sharing-api/src/api/local_files/localFile.routes.js:29:34
    at Layer.handleRequest (C:\Users\leyon\OneDrive\Desktop\NZPRO\file-sharing-api\node_modules\router\lib\layer.js:152:17)
    at next (C:\Users\leyon\OneDrive\Desktop\NZPRO\file-sharing-api\node_modules\router\lib\route.js:157:13)
    at Route.dispatch (C:\Users\leyon\OneDrive\Desktop\NZPRO\file-sharing-api\node_modules\router\lib\route.js:117:3)
    at handle (C:\Users\leyon\OneDrive\Desktop\NZPRO\file-sharing-api\node_modules\router\index.js:435:11)
    at Layer.handleRequest (C:\Users\leyon\OneDrive\Desktop\NZPRO\file-sharing-api\node_modules\router\lib\layer.js:152:17)
    at C:\Users\leyon\OneDrive\Desktop\NZPRO\file-sharing-api\node_modules\router\index.js:295:15
    at param (C:\Users\leyon\OneDrive\Desktop\NZPRO\file-sharing-api\node_modules\router\index.js:600:14)
    at param (C:\Users\leyon\OneDrive\Desktop\NZPRO\file-sharing-api\node_modules\router\index.js:610:14)
2025-07-25 22:15:09 [error]: Error: Could not load the default credentials. Browse to https://cloud.google.com/docs/authentication/getting-started for more information.
    at GoogleAuth.getApplicationDefaultAsync (C:\Users\leyon\OneDrive\Desktop\NZPRO\file-sharing-api\node_modules\google-auth-library\build\src\auth\googleauth.js:287:15)
    at process.processTicksAndRejections (node:internal/process/task_queues:105:5)
    at async GoogleAuth._GoogleAuth_determineClient (C:\Users\leyon\OneDrive\Desktop\NZPRO\file-sharing-api\node_modules\google-auth-library\build\src\auth\googleauth.js:834:32)
    at async GoogleAuth.getClient (C:\Users\leyon\OneDrive\Desktop\NZPRO\file-sharing-api\node_modules\google-auth-library\build\src\auth\googleauth.js:698:20)
    at async GoogleAuth.request (C:\Users\leyon\OneDrive\Desktop\NZPRO\file-sharing-api\node_modules\google-auth-library\build\src\auth\googleauth.js:753:24)
    at async Upload.makeRequest (file:///C:/Users/leyon/OneDrive/Desktop/NZPRO/file-sharing-api/node_modules/@google-cloud/storage/build/esm/src/resumable-upload.js:724:21)
    at async AsyncRetry.retries (file:///C:/Users/leyon/OneDrive/Desktop/NZPRO/file-sharing-api/node_modules/@google-cloud/storage/build/esm/src/resumable-upload.js:390:29)
    at async Upload.createURIAsync (file:///C:/Users/leyon/OneDrive/Desktop/NZPRO/file-sharing-api/node_modules/@google-cloud/storage/build/esm/src/resumable-upload.js:387:21)
2025-07-25 22:23:09 [error]: Error: Hello error
    at file:///C:/Users/leyon/OneDrive/Desktop/NZPRO/file-sharing-api/src/app.js:23:9
    at Layer.handleRequest (C:\Users\leyon\OneDrive\Desktop\NZPRO\file-sharing-api\node_modules\router\lib\layer.js:152:17)
    at next (C:\Users\leyon\OneDrive\Desktop\NZPRO\file-sharing-api\node_modules\router\lib\route.js:157:13)
    at Route.dispatch (C:\Users\leyon\OneDrive\Desktop\NZPRO\file-sharing-api\node_modules\router\lib\route.js:117:3)
    at handle (C:\Users\leyon\OneDrive\Desktop\NZPRO\file-sharing-api\node_modules\router\index.js:435:11)
    at Layer.handleRequest (C:\Users\leyon\OneDrive\Desktop\NZPRO\file-sharing-api\node_modules\router\lib\layer.js:152:17)
    at C:\Users\leyon\OneDrive\Desktop\NZPRO\file-sharing-api\node_modules\router\index.js:295:15
    at processParams (C:\Users\leyon\OneDrive\Desktop\NZPRO\file-sharing-api\node_modules\router\index.js:582:12)
    at next (C:\Users\leyon\OneDrive\Desktop\NZPRO\file-sharing-api\node_modules\router\index.js:291:5)
    at jsonParser (C:\Users\leyon\OneDrive\Desktop\NZPRO\file-sharing-api\node_modules\body-parser\lib\types\json.js:100:7)
2025-07-25 22:23:51 [error]: Error: Hello error
    at file:///C:/Users/leyon/OneDrive/Desktop/NZPRO/file-sharing-api/src/app.js:23:9
    at Layer.handleRequest (C:\Users\leyon\OneDrive\Desktop\NZPRO\file-sharing-api\node_modules\router\lib\layer.js:152:17)
    at next (C:\Users\leyon\OneDrive\Desktop\NZPRO\file-sharing-api\node_modules\router\lib\route.js:157:13)
    at Route.dispatch (C:\Users\leyon\OneDrive\Desktop\NZPRO\file-sharing-api\node_modules\router\lib\route.js:117:3)
    at handle (C:\Users\leyon\OneDrive\Desktop\NZPRO\file-sharing-api\node_modules\router\index.js:435:11)
    at Layer.handleRequest (C:\Users\leyon\OneDrive\Desktop\NZPRO\file-sharing-api\node_modules\router\lib\layer.js:152:17)
    at C:\Users\leyon\OneDrive\Desktop\NZPRO\file-sharing-api\node_modules\router\index.js:295:15
    at processParams (C:\Users\leyon\OneDrive\Desktop\NZPRO\file-sharing-api\node_modules\router\index.js:582:12)
    at next (C:\Users\leyon\OneDrive\Desktop\NZPRO\file-sharing-api\node_modules\router\index.js:291:5)
    at jsonParser (C:\Users\leyon\OneDrive\Desktop\NZPRO\file-sharing-api\node_modules\body-parser\lib\types\json.js:100:7)
2025-07-25 22:24:51 [error]: Error: Hello error
    at file:///C:/Users/leyon/OneDrive/Desktop/NZPRO/file-sharing-api/src/app.js:23:9
    at Layer.handleRequest (C:\Users\leyon\OneDrive\Desktop\NZPRO\file-sharing-api\node_modules\router\lib\layer.js:152:17)
    at next (C:\Users\leyon\OneDrive\Desktop\NZPRO\file-sharing-api\node_modules\router\lib\route.js:157:13)
    at Route.dispatch (C:\Users\leyon\OneDrive\Desktop\NZPRO\file-sharing-api\node_modules\router\lib\route.js:117:3)
    at handle (C:\Users\leyon\OneDrive\Desktop\NZPRO\file-sharing-api\node_modules\router\index.js:435:11)
    at Layer.handleRequest (C:\Users\leyon\OneDrive\Desktop\NZPRO\file-sharing-api\node_modules\router\lib\layer.js:152:17)
    at C:\Users\leyon\OneDrive\Desktop\NZPRO\file-sharing-api\node_modules\router\index.js:295:15
    at processParams (C:\Users\leyon\OneDrive\Desktop\NZPRO\file-sharing-api\node_modules\router\index.js:582:12)
    at next (C:\Users\leyon\OneDrive\Desktop\NZPRO\file-sharing-api\node_modules\router\index.js:291:5)
    at jsonParser (C:\Users\leyon\OneDrive\Desktop\NZPRO\file-sharing-api\node_modules\body-parser\lib\types\json.js:100:7)
2025-07-25 22:25:22 [error]: Error: Hello error
    at file:///C:/Users/leyon/OneDrive/Desktop/NZPRO/file-sharing-api/src/app.js:23:9
    at Layer.handleRequest (C:\Users\leyon\OneDrive\Desktop\NZPRO\file-sharing-api\node_modules\router\lib\layer.js:152:17)
    at next (C:\Users\leyon\OneDrive\Desktop\NZPRO\file-sharing-api\node_modules\router\lib\route.js:157:13)
    at Route.dispatch (C:\Users\leyon\OneDrive\Desktop\NZPRO\file-sharing-api\node_modules\router\lib\route.js:117:3)
    at handle (C:\Users\leyon\OneDrive\Desktop\NZPRO\file-sharing-api\node_modules\router\index.js:435:11)
    at Layer.handleRequest (C:\Users\leyon\OneDrive\Desktop\NZPRO\file-sharing-api\node_modules\router\lib\layer.js:152:17)
    at C:\Users\leyon\OneDrive\Desktop\NZPRO\file-sharing-api\node_modules\router\index.js:295:15
    at processParams (C:\Users\leyon\OneDrive\Desktop\NZPRO\file-sharing-api\node_modules\router\index.js:582:12)
    at next (C:\Users\leyon\OneDrive\Desktop\NZPRO\file-sharing-api\node_modules\router\index.js:291:5)
    at jsonParser (C:\Users\leyon\OneDrive\Desktop\NZPRO\file-sharing-api\node_modules\body-parser\lib\types\json.js:100:7)
2025-07-25 22:46:20 [error]: 💥 Uncaught Exception: next is not defined
2025-07-25 22:47:07 [error]: 💥 Uncaught Exception: next is not defined
2025-07-25 22:47:46 [error]: 💥 Uncaught Exception: next is not defined
2025-07-25 22:49:35 [error]: 💥 Uncaught Exception: next is not defined
2025-07-25 22:49:48 [error]: 💥 Uncaught Exception: next is not defined
2025-07-25 22:54:27 [error]: 💥 Uncaught Exception: next is not defined
2025-07-25 22:54:58 [error]: 💥 Uncaught Exception: next is not defined
2025-07-25 22:57:48 [error]: 💥 Uncaught Exception: next is not defined
2025-07-25 22:58:31 [error]: 💥 Uncaught Exception: HttpError is not defined
2025-07-25 22:59:05 [error]: 💥 Uncaught Exception: HttpError is not defined
2025-07-25 22:59:27 [error]: 💥 Uncaught Exception: Upload failed
2025-07-25 23:00:31 [error]: 💥 Uncaught Exception: Upload failed
2025-07-25 23:01:00 [error]: 💥 Uncaught Exception: Upload failed
2025-07-25 23:01:31 [error]: 💥 Uncaught Exception: Upload failed
2025-07-25 23:03:39 [error]: 💥 Uncaught Exception: Upload failed
2025-07-25 23:04:07 [error]: 💥 Uncaught Exception: Upload failed
2025-07-25 23:04:20 [error]: 💥 Uncaught Exception: Upload failed
2025-07-25 23:04:42 [error]: 💥 Uncaught Exception: No file uploaded
2025-07-25 23:04:54 [error]: ReferenceError: err is not defined
    at file:///C:/Users/leyon/OneDrive/Desktop/NZPRO/file-sharing-api/src/api/clould_files/cloudFile.routes.js:46:51
    at Layer.handleRequest (C:\Users\leyon\OneDrive\Desktop\NZPRO\file-sharing-api\node_modules\router\lib\layer.js:152:17)
    at next (C:\Users\leyon\OneDrive\Desktop\NZPRO\file-sharing-api\node_modules\router\lib\route.js:157:13)
    at multerMiddleware (C:\Users\leyon\OneDrive\Desktop\NZPRO\file-sharing-api\node_modules\multer\lib\make-middleware.js:19:41)
    at Layer.handleRequest (C:\Users\leyon\OneDrive\Desktop\NZPRO\file-sharing-api\node_modules\router\lib\layer.js:152:17)
    at next (C:\Users\leyon\OneDrive\Desktop\NZPRO\file-sharing-api\node_modules\router\lib\route.js:157:13)
    at Route.dispatch (C:\Users\leyon\OneDrive\Desktop\NZPRO\file-sharing-api\node_modules\router\lib\route.js:117:3)
    at handle (C:\Users\leyon\OneDrive\Desktop\NZPRO\file-sharing-api\node_modules\router\index.js:435:11)
    at Layer.handleRequest (C:\Users\leyon\OneDrive\Desktop\NZPRO\file-sharing-api\node_modules\router\lib\layer.js:152:17)
    at C:\Users\leyon\OneDrive\Desktop\NZPRO\file-sharing-api\node_modules\router\index.js:295:15
2025-07-25 23:04:56 [error]: ReferenceError: err is not defined
    at file:///C:/Users/leyon/OneDrive/Desktop/NZPRO/file-sharing-api/src/api/clould_files/cloudFile.routes.js:46:51
    at Layer.handleRequest (C:\Users\leyon\OneDrive\Desktop\NZPRO\file-sharing-api\node_modules\router\lib\layer.js:152:17)
    at next (C:\Users\leyon\OneDrive\Desktop\NZPRO\file-sharing-api\node_modules\router\lib\route.js:157:13)
    at multerMiddleware (C:\Users\leyon\OneDrive\Desktop\NZPRO\file-sharing-api\node_modules\multer\lib\make-middleware.js:19:41)
    at Layer.handleRequest (C:\Users\leyon\OneDrive\Desktop\NZPRO\file-sharing-api\node_modules\router\lib\layer.js:152:17)
    at next (C:\Users\leyon\OneDrive\Desktop\NZPRO\file-sharing-api\node_modules\router\lib\route.js:157:13)
    at Route.dispatch (C:\Users\leyon\OneDrive\Desktop\NZPRO\file-sharing-api\node_modules\router\lib\route.js:117:3)
    at handle (C:\Users\leyon\OneDrive\Desktop\NZPRO\file-sharing-api\node_modules\router\index.js:435:11)
    at Layer.handleRequest (C:\Users\leyon\OneDrive\Desktop\NZPRO\file-sharing-api\node_modules\router\lib\layer.js:152:17)
    at C:\Users\leyon\OneDrive\Desktop\NZPRO\file-sharing-api\node_modules\router\index.js:295:15
2025-07-25 23:04:58 [error]: ReferenceError: err is not defined
    at file:///C:/Users/leyon/OneDrive/Desktop/NZPRO/file-sharing-api/src/api/clould_files/cloudFile.routes.js:46:51
    at Layer.handleRequest (C:\Users\leyon\OneDrive\Desktop\NZPRO\file-sharing-api\node_modules\router\lib\layer.js:152:17)
    at next (C:\Users\leyon\OneDrive\Desktop\NZPRO\file-sharing-api\node_modules\router\lib\route.js:157:13)
    at multerMiddleware (C:\Users\leyon\OneDrive\Desktop\NZPRO\file-sharing-api\node_modules\multer\lib\make-middleware.js:19:41)
    at Layer.handleRequest (C:\Users\leyon\OneDrive\Desktop\NZPRO\file-sharing-api\node_modules\router\lib\layer.js:152:17)
    at next (C:\Users\leyon\OneDrive\Desktop\NZPRO\file-sharing-api\node_modules\router\lib\route.js:157:13)
    at Route.dispatch (C:\Users\leyon\OneDrive\Desktop\NZPRO\file-sharing-api\node_modules\router\lib\route.js:117:3)
    at handle (C:\Users\leyon\OneDrive\Desktop\NZPRO\file-sharing-api\node_modules\router\index.js:435:11)
    at Layer.handleRequest (C:\Users\leyon\OneDrive\Desktop\NZPRO\file-sharing-api\node_modules\router\lib\layer.js:152:17)
    at C:\Users\leyon\OneDrive\Desktop\NZPRO\file-sharing-api\node_modules\router\index.js:295:15
2025-07-25 23:05:54 [error]: ReferenceError: next is not defined
    at file:///C:/Users/leyon/OneDrive/Desktop/NZPRO/file-sharing-api/src/api/clould_files/cloudFile.routes.js:41:9
    at Layer.handleRequest (C:\Users\leyon\OneDrive\Desktop\NZPRO\file-sharing-api\node_modules\router\lib\layer.js:152:17)
    at next (C:\Users\leyon\OneDrive\Desktop\NZPRO\file-sharing-api\node_modules\router\lib\route.js:157:13)
    at multerMiddleware (C:\Users\leyon\OneDrive\Desktop\NZPRO\file-sharing-api\node_modules\multer\lib\make-middleware.js:19:41)
    at Layer.handleRequest (C:\Users\leyon\OneDrive\Desktop\NZPRO\file-sharing-api\node_modules\router\lib\layer.js:152:17)
    at next (C:\Users\leyon\OneDrive\Desktop\NZPRO\file-sharing-api\node_modules\router\lib\route.js:157:13)
    at Route.dispatch (C:\Users\leyon\OneDrive\Desktop\NZPRO\file-sharing-api\node_modules\router\lib\route.js:117:3)
    at handle (C:\Users\leyon\OneDrive\Desktop\NZPRO\file-sharing-api\node_modules\router\index.js:435:11)
    at Layer.handleRequest (C:\Users\leyon\OneDrive\Desktop\NZPRO\file-sharing-api\node_modules\router\lib\layer.js:152:17)
    at C:\Users\leyon\OneDrive\Desktop\NZPRO\file-sharing-api\node_modules\router\index.js:295:15
2025-07-25 23:12:01 [error]: Error: Fuck
    at file:///C:/Users/leyon/OneDrive/Desktop/NZPRO/file-sharing-api/src/api/clould_files/cloudFile.routes.js:41:15
    at Layer.handleRequest (C:\Users\leyon\OneDrive\Desktop\NZPRO\file-sharing-api\node_modules\router\lib\layer.js:152:17)
    at next (C:\Users\leyon\OneDrive\Desktop\NZPRO\file-sharing-api\node_modules\router\lib\route.js:157:13)
    at multerMiddleware (C:\Users\leyon\OneDrive\Desktop\NZPRO\file-sharing-api\node_modules\multer\lib\make-middleware.js:19:41)
    at Layer.handleRequest (C:\Users\leyon\OneDrive\Desktop\NZPRO\file-sharing-api\node_modules\router\lib\layer.js:152:17)
    at next (C:\Users\leyon\OneDrive\Desktop\NZPRO\file-sharing-api\node_modules\router\lib\route.js:157:13)
    at Route.dispatch (C:\Users\leyon\OneDrive\Desktop\NZPRO\file-sharing-api\node_modules\router\lib\route.js:117:3)
    at handle (C:\Users\leyon\OneDrive\Desktop\NZPRO\file-sharing-api\node_modules\router\index.js:435:11)
    at Layer.handleRequest (C:\Users\leyon\OneDrive\Desktop\NZPRO\file-sharing-api\node_modules\router\lib\layer.js:152:17)
    at C:\Users\leyon\OneDrive\Desktop\NZPRO\file-sharing-api\node_modules\router\index.js:295:15
2025-07-25 23:12:18 [error]: Error: No file uploaded
    at file:///C:/Users/leyon/OneDrive/Desktop/NZPRO/file-sharing-api/src/api/clould_files/cloudFile.routes.js:41:15
    at Layer.handleRequest (C:\Users\leyon\OneDrive\Desktop\NZPRO\file-sharing-api\node_modules\router\lib\layer.js:152:17)
    at next (C:\Users\leyon\OneDrive\Desktop\NZPRO\file-sharing-api\node_modules\router\lib\route.js:157:13)
    at multerMiddleware (C:\Users\leyon\OneDrive\Desktop\NZPRO\file-sharing-api\node_modules\multer\lib\make-middleware.js:19:41)
    at Layer.handleRequest (C:\Users\leyon\OneDrive\Desktop\NZPRO\file-sharing-api\node_modules\router\lib\layer.js:152:17)
    at next (C:\Users\leyon\OneDrive\Desktop\NZPRO\file-sharing-api\node_modules\router\lib\route.js:157:13)
    at Route.dispatch (C:\Users\leyon\OneDrive\Desktop\NZPRO\file-sharing-api\node_modules\router\lib\route.js:117:3)
    at handle (C:\Users\leyon\OneDrive\Desktop\NZPRO\file-sharing-api\node_modules\router\index.js:435:11)
    at Layer.handleRequest (C:\Users\leyon\OneDrive\Desktop\NZPRO\file-sharing-api\node_modules\router\lib\layer.js:152:17)
    at C:\Users\leyon\OneDrive\Desktop\NZPRO\file-sharing-api\node_modules\router\index.js:295:15
2025-07-25 23:13:48 [error]: HttpError1: Resource not found
    at file:///C:/Users/leyon/OneDrive/Desktop/NZPRO/file-sharing-api/src/api/clould_files/cloudFile.routes.js:41:15
    at Layer.handleRequest (C:\Users\leyon\OneDrive\Desktop\NZPRO\file-sharing-api\node_modules\router\lib\layer.js:152:17)
    at next (C:\Users\leyon\OneDrive\Desktop\NZPRO\file-sharing-api\node_modules\router\lib\route.js:157:13)
    at multerMiddleware (C:\Users\leyon\OneDrive\Desktop\NZPRO\file-sharing-api\node_modules\multer\lib\make-middleware.js:19:41)
    at Layer.handleRequest (C:\Users\leyon\OneDrive\Desktop\NZPRO\file-sharing-api\node_modules\router\lib\layer.js:152:17)
    at next (C:\Users\leyon\OneDrive\Desktop\NZPRO\file-sharing-api\node_modules\router\lib\route.js:157:13)
    at Route.dispatch (C:\Users\leyon\OneDrive\Desktop\NZPRO\file-sharing-api\node_modules\router\lib\route.js:117:3)
    at handle (C:\Users\leyon\OneDrive\Desktop\NZPRO\file-sharing-api\node_modules\router\index.js:435:11)
    at Layer.handleRequest (C:\Users\leyon\OneDrive\Desktop\NZPRO\file-sharing-api\node_modules\router\lib\layer.js:152:17)
    at C:\Users\leyon\OneDrive\Desktop\NZPRO\file-sharing-api\node_modules\router\index.js:295:15
2025-07-25 23:13:49 [error]: HttpError1: Resource not found
    at file:///C:/Users/leyon/OneDrive/Desktop/NZPRO/file-sharing-api/src/api/clould_files/cloudFile.routes.js:41:15
    at Layer.handleRequest (C:\Users\leyon\OneDrive\Desktop\NZPRO\file-sharing-api\node_modules\router\lib\layer.js:152:17)
    at next (C:\Users\leyon\OneDrive\Desktop\NZPRO\file-sharing-api\node_modules\router\lib\route.js:157:13)
    at multerMiddleware (C:\Users\leyon\OneDrive\Desktop\NZPRO\file-sharing-api\node_modules\multer\lib\make-middleware.js:19:41)
    at Layer.handleRequest (C:\Users\leyon\OneDrive\Desktop\NZPRO\file-sharing-api\node_modules\router\lib\layer.js:152:17)
    at next (C:\Users\leyon\OneDrive\Desktop\NZPRO\file-sharing-api\node_modules\router\lib\route.js:157:13)
    at Route.dispatch (C:\Users\leyon\OneDrive\Desktop\NZPRO\file-sharing-api\node_modules\router\lib\route.js:117:3)
    at handle (C:\Users\leyon\OneDrive\Desktop\NZPRO\file-sharing-api\node_modules\router\index.js:435:11)
    at Layer.handleRequest (C:\Users\leyon\OneDrive\Desktop\NZPRO\file-sharing-api\node_modules\router\lib\layer.js:152:17)
    at C:\Users\leyon\OneDrive\Desktop\NZPRO\file-sharing-api\node_modules\router\index.js:295:15
2025-07-25 23:13:50 [error]: HttpError1: Resource not found
    at file:///C:/Users/leyon/OneDrive/Desktop/NZPRO/file-sharing-api/src/api/clould_files/cloudFile.routes.js:41:15
    at Layer.handleRequest (C:\Users\leyon\OneDrive\Desktop\NZPRO\file-sharing-api\node_modules\router\lib\layer.js:152:17)
    at next (C:\Users\leyon\OneDrive\Desktop\NZPRO\file-sharing-api\node_modules\router\lib\route.js:157:13)
    at multerMiddleware (C:\Users\leyon\OneDrive\Desktop\NZPRO\file-sharing-api\node_modules\multer\lib\make-middleware.js:19:41)
    at Layer.handleRequest (C:\Users\leyon\OneDrive\Desktop\NZPRO\file-sharing-api\node_modules\router\lib\layer.js:152:17)
    at next (C:\Users\leyon\OneDrive\Desktop\NZPRO\file-sharing-api\node_modules\router\lib\route.js:157:13)
    at Route.dispatch (C:\Users\leyon\OneDrive\Desktop\NZPRO\file-sharing-api\node_modules\router\lib\route.js:117:3)
    at handle (C:\Users\leyon\OneDrive\Desktop\NZPRO\file-sharing-api\node_modules\router\index.js:435:11)
    at Layer.handleRequest (C:\Users\leyon\OneDrive\Desktop\NZPRO\file-sharing-api\node_modules\router\lib\layer.js:152:17)
    at C:\Users\leyon\OneDrive\Desktop\NZPRO\file-sharing-api\node_modules\router\index.js:295:15
2025-07-25 23:14:12 [error]: HttpError: 404
    at file:///C:/Users/leyon/OneDrive/Desktop/NZPRO/file-sharing-api/src/api/clould_files/cloudFile.routes.js:41:15
    at Layer.handleRequest (C:\Users\leyon\OneDrive\Desktop\NZPRO\file-sharing-api\node_modules\router\lib\layer.js:152:17)
    at next (C:\Users\leyon\OneDrive\Desktop\NZPRO\file-sharing-api\node_modules\router\lib\route.js:157:13)
    at multerMiddleware (C:\Users\leyon\OneDrive\Desktop\NZPRO\file-sharing-api\node_modules\multer\lib\make-middleware.js:19:41)
    at Layer.handleRequest (C:\Users\leyon\OneDrive\Desktop\NZPRO\file-sharing-api\node_modules\router\lib\layer.js:152:17)
    at next (C:\Users\leyon\OneDrive\Desktop\NZPRO\file-sharing-api\node_modules\router\lib\route.js:157:13)
    at Route.dispatch (C:\Users\leyon\OneDrive\Desktop\NZPRO\file-sharing-api\node_modules\router\lib\route.js:117:3)
    at handle (C:\Users\leyon\OneDrive\Desktop\NZPRO\file-sharing-api\node_modules\router\index.js:435:11)
    at Layer.handleRequest (C:\Users\leyon\OneDrive\Desktop\NZPRO\file-sharing-api\node_modules\router\lib\layer.js:152:17)
    at C:\Users\leyon\OneDrive\Desktop\NZPRO\file-sharing-api\node_modules\router\index.js:295:15
2025-07-25 23:14:45 [error]: HttpError: Resource not found
    at file:///C:/Users/leyon/OneDrive/Desktop/NZPRO/file-sharing-api/src/api/clould_files/cloudFile.routes.js:41:15
    at Layer.handleRequest (C:\Users\leyon\OneDrive\Desktop\NZPRO\file-sharing-api\node_modules\router\lib\layer.js:152:17)
    at next (C:\Users\leyon\OneDrive\Desktop\NZPRO\file-sharing-api\node_modules\router\lib\route.js:157:13)
    at multerMiddleware (C:\Users\leyon\OneDrive\Desktop\NZPRO\file-sharing-api\node_modules\multer\lib\make-middleware.js:19:41)
    at Layer.handleRequest (C:\Users\leyon\OneDrive\Desktop\NZPRO\file-sharing-api\node_modules\router\lib\layer.js:152:17)
    at next (C:\Users\leyon\OneDrive\Desktop\NZPRO\file-sharing-api\node_modules\router\lib\route.js:157:13)
    at Route.dispatch (C:\Users\leyon\OneDrive\Desktop\NZPRO\file-sharing-api\node_modules\router\lib\route.js:117:3)
    at handle (C:\Users\leyon\OneDrive\Desktop\NZPRO\file-sharing-api\node_modules\router\index.js:435:11)
    at Layer.handleRequest (C:\Users\leyon\OneDrive\Desktop\NZPRO\file-sharing-api\node_modules\router\lib\layer.js:152:17)
    at C:\Users\leyon\OneDrive\Desktop\NZPRO\file-sharing-api\node_modules\router\index.js:295:15
2025-07-25 23:14:47 [error]: HttpError: Resource not found
    at file:///C:/Users/leyon/OneDrive/Desktop/NZPRO/file-sharing-api/src/api/clould_files/cloudFile.routes.js:41:15
    at Layer.handleRequest (C:\Users\leyon\OneDrive\Desktop\NZPRO\file-sharing-api\node_modules\router\lib\layer.js:152:17)
    at next (C:\Users\leyon\OneDrive\Desktop\NZPRO\file-sharing-api\node_modules\router\lib\route.js:157:13)
    at multerMiddleware (C:\Users\leyon\OneDrive\Desktop\NZPRO\file-sharing-api\node_modules\multer\lib\make-middleware.js:19:41)
    at Layer.handleRequest (C:\Users\leyon\OneDrive\Desktop\NZPRO\file-sharing-api\node_modules\router\lib\layer.js:152:17)
    at next (C:\Users\leyon\OneDrive\Desktop\NZPRO\file-sharing-api\node_modules\router\lib\route.js:157:13)
    at Route.dispatch (C:\Users\leyon\OneDrive\Desktop\NZPRO\file-sharing-api\node_modules\router\lib\route.js:117:3)
    at handle (C:\Users\leyon\OneDrive\Desktop\NZPRO\file-sharing-api\node_modules\router\index.js:435:11)
    at Layer.handleRequest (C:\Users\leyon\OneDrive\Desktop\NZPRO\file-sharing-api\node_modules\router\lib\layer.js:152:17)
    at C:\Users\leyon\OneDrive\Desktop\NZPRO\file-sharing-api\node_modules\router\index.js:295:15
2025-07-25 23:14:50 [error]: HttpError: Resource not found
    at file:///C:/Users/leyon/OneDrive/Desktop/NZPRO/file-sharing-api/src/api/clould_files/cloudFile.routes.js:41:15
    at Layer.handleRequest (C:\Users\leyon\OneDrive\Desktop\NZPRO\file-sharing-api\node_modules\router\lib\layer.js:152:17)
    at next (C:\Users\leyon\OneDrive\Desktop\NZPRO\file-sharing-api\node_modules\router\lib\route.js:157:13)
    at multerMiddleware (C:\Users\leyon\OneDrive\Desktop\NZPRO\file-sharing-api\node_modules\multer\lib\make-middleware.js:19:41)
    at Layer.handleRequest (C:\Users\leyon\OneDrive\Desktop\NZPRO\file-sharing-api\node_modules\router\lib\layer.js:152:17)
    at next (C:\Users\leyon\OneDrive\Desktop\NZPRO\file-sharing-api\node_modules\router\lib\route.js:157:13)
    at Route.dispatch (C:\Users\leyon\OneDrive\Desktop\NZPRO\file-sharing-api\node_modules\router\lib\route.js:117:3)
    at handle (C:\Users\leyon\OneDrive\Desktop\NZPRO\file-sharing-api\node_modules\router\index.js:435:11)
    at Layer.handleRequest (C:\Users\leyon\OneDrive\Desktop\NZPRO\file-sharing-api\node_modules\router\lib\layer.js:152:17)
    at C:\Users\leyon\OneDrive\Desktop\NZPRO\file-sharing-api\node_modules\router\index.js:295:15
2025-07-25 23:18:13 [error]: HttpError: No file uploaded
    at file:///C:/Users/leyon/OneDrive/Desktop/NZPRO/file-sharing-api/src/api/clould_files/cloudFile.routes.js:44:15
    at Layer.handleRequest (C:\Users\leyon\OneDrive\Desktop\NZPRO\file-sharing-api\node_modules\router\lib\layer.js:152:17)
    at next (C:\Users\leyon\OneDrive\Desktop\NZPRO\file-sharing-api\node_modules\router\lib\route.js:157:13)
    at multerMiddleware (C:\Users\leyon\OneDrive\Desktop\NZPRO\file-sharing-api\node_modules\multer\lib\make-middleware.js:19:41)
    at Layer.handleRequest (C:\Users\leyon\OneDrive\Desktop\NZPRO\file-sharing-api\node_modules\router\lib\layer.js:152:17)
    at next (C:\Users\leyon\OneDrive\Desktop\NZPRO\file-sharing-api\node_modules\router\lib\route.js:157:13)
    at Route.dispatch (C:\Users\leyon\OneDrive\Desktop\NZPRO\file-sharing-api\node_modules\router\lib\route.js:117:3)
    at handle (C:\Users\leyon\OneDrive\Desktop\NZPRO\file-sharing-api\node_modules\router\index.js:435:11)
    at Layer.handleRequest (C:\Users\leyon\OneDrive\Desktop\NZPRO\file-sharing-api\node_modules\router\lib\layer.js:152:17)
    at C:\Users\leyon\OneDrive\Desktop\NZPRO\file-sharing-api\node_modules\router\index.js:295:15
2025-07-25 23:19:22 [error]: HttpError: No file uploaded
    at file:///C:/Users/leyon/OneDrive/Desktop/NZPRO/file-sharing-api/src/api/clould_files/cloudFile.routes.js:41:15
    at Layer.handleRequest (C:\Users\leyon\OneDrive\Desktop\NZPRO\file-sharing-api\node_modules\router\lib\layer.js:152:17)
    at next (C:\Users\leyon\OneDrive\Desktop\NZPRO\file-sharing-api\node_modules\router\lib\route.js:157:13)
    at multerMiddleware (C:\Users\leyon\OneDrive\Desktop\NZPRO\file-sharing-api\node_modules\multer\lib\make-middleware.js:19:41)
    at Layer.handleRequest (C:\Users\leyon\OneDrive\Desktop\NZPRO\file-sharing-api\node_modules\router\lib\layer.js:152:17)
    at next (C:\Users\leyon\OneDrive\Desktop\NZPRO\file-sharing-api\node_modules\router\lib\route.js:157:13)
    at Route.dispatch (C:\Users\leyon\OneDrive\Desktop\NZPRO\file-sharing-api\node_modules\router\lib\route.js:117:3)
    at handle (C:\Users\leyon\OneDrive\Desktop\NZPRO\file-sharing-api\node_modules\router\index.js:435:11)
    at Layer.handleRequest (C:\Users\leyon\OneDrive\Desktop\NZPRO\file-sharing-api\node_modules\router\lib\layer.js:152:17)
    at C:\Users\leyon\OneDrive\Desktop\NZPRO\file-sharing-api\node_modules\router\index.js:295:15
2025-07-25 23:19:27 [error]: 💥 Uncaught Exception: Upload failed
2025-07-25 23:20:27 [error]: 💥 Uncaught Exception: Upload failed
2025-07-25 23:20:50 [error]: 💥 Uncaught Exception: Upload failed
2025-07-25 23:21:12 [error]: 💥 Uncaught Exception: Upload failed
2025-07-25 23:21:34 [error]: 💥 Uncaught Exception: Upload failed
2025-07-25 23:22:47 [error]: 💥 Uncaught Exception: Upload failed
2025-07-25 23:23:51 [error]: 💥 Uncaught Exception: Upload failed
2025-07-25 23:24:34 [error]: 💥 Uncaught Exception: Upload failed
2025-07-25 23:24:51 [error]: 💥 Uncaught Exception: Upload failed
2025-07-25 23:26:25 [error]: 💥 Uncaught Exception: Upload failed
2025-07-25 23:27:03 [error]: 💥 Uncaught Exception: Upload failed
2025-07-25 23:27:49 [error]: 💥 Uncaught Exception: Upload failed with status 500
2025-07-25 23:28:15 [error]: 💥 Uncaught Exception: Upload failed with status 500
2025-07-25 23:28:27 [error]: 💥 Uncaught Exception: Upload failed with status 500
2025-07-25 23:28:55 [error]: 💥 Uncaught Exception: Upload failed with status 500
2025-07-25 23:30:04 [error]: 💥 Uncaught Exception: Upload failed with status 500
2025-07-25 23:30:28 [error]: 💥 Uncaught Exception: Upload failed with status 500
2025-07-25 23:30:45 [error]: 💥 Uncaught Exception: Upload failed with status 500
2025-07-25 23:32:06 [error]: 💥 Uncaught Exception: The billing account for the owning project is disabled in state closed
